<?xml version="1.0" encoding="UTF-8"?>
<!-- Generated by org.testng.reporters.JUnitReportReporter -->
<testsuite hostname="LAPTOP-LIJIBR5S" failures="0" tests="1" name="cucumber.TestNgTestRunner" time="9.782" errors="0" timestamp="2025-09-17T01:19:34 IST" skipped="0">
  <testcase classname="cucumber.TestNgTestRunner" name="runScenario" time="9.782"/>
</testsuite> <!-- cucumber.TestNgTestRunner -->
